<?xml version="1.0" encoding="UTF-8"?>
<testsuite name="com.example.springboard02.MemberDaoTest" tests="2" skipped="0" failures="0" errors="0" timestamp="2023-10-30T00:12:34" hostname="MYPC" time="1.3">
  <properties/>
  <testcase name="MemberDao insert" classname="com.example.springboard02.MemberDaoTest" time="1.269"/>
  <testcase name="MemberDao id check" classname="com.example.springboard02.MemberDaoTest" time="0.03"/>
  <system-out><![CDATA[09:12:33 [Test worker] INFO  o.s.t.c.s.AnnotationConfigContextLoaderUtils - Could not detect default configuration classes for test class [com.example.springboard02.MemberDaoTest]: MemberDaoTest does not declare any static, non-private, non-final, nested classes annotated with @Configuration.
09:12:33 [Test worker] INFO  o.s.b.t.c.SpringBootTestContextBootstrapper - Found @SpringBootConfiguration com.example.springboard02.Springboard02Application for test class com.example.springboard02.MemberDaoTest

  .   ____          _            __ _ _
 /\\ / ___'_ __ _ _(_)_ __  __ _ \ \ \ \
( ( )\___ | '_ | '_| | '_ \/ _` | \ \ \ \
 \\/  ___)| |_)| | | | | || (_| |  ) ) ) )
  '  |____| .__|_| |_|_| |_\__, | / / / /
 =========|_|==============|___/=/_/_/_/
 :: Spring Boot ::                (v3.1.5)

09:12:33 [Test worker] INFO  c.e.springboard02.MemberDaoTest - Starting MemberDaoTest using Java 17.0.3 with PID 1388 (started by soap1 in C:\spring-work\springboard02)
09:12:33 [Test worker] INFO  c.e.springboard02.MemberDaoTest - No active profile set, falling back to 1 default profile: "default"
09:12:34 [Test worker] INFO  c.e.springboard02.MemberDaoTest - Started MemberDaoTest in 1.259 seconds (process running for 2.334)
09:12:34 [Test worker] INFO  com.zaxxer.hikari.HikariDataSource - HikariPool-1 - Starting...
09:12:35 [Test worker] INFO  com.zaxxer.hikari.pool.HikariPool - HikariPool-1 - Added connection net.sf.log4jdbc.sql.jdbcapi.ConnectionSpy@14efa279
09:12:35 [Test worker] INFO  com.zaxxer.hikari.HikariDataSource - HikariPool-1 - Start completed.
09:12:36 [Test worker] INFO  jdbc.sqlonly - insert into member values ('user01', '1111', 'user01', '2001-04-10', '부천시', '010-1234-5678', default)

09:12:36 [Test worker] INFO  jdbc.sqlonly - select count(*) from board.member where m_id='test'

09:12:36 [Test worker] INFO  jdbc.resultset - 1. ResultSet.new ResultSet returned 
09:12:36 [Test worker] INFO  jdbc.resultset - 1. ResultSet.getMetaData() returned com.mysql.cj.jdbc.result.ResultSetMetaData@ca2cd5e - Field level information: 
	com.mysql.cj.result.Field@a120b9[dbName=null,tableName=null,originalTableName=null,columnName=count(*),originalColumnName=null,mysqlType=8(FIELD_TYPE_BIGINT),sqlType=-5,flags= BINARY, charsetIndex=63, charsetName=ISO-8859-1]
09:12:36 [Test worker] INFO  jdbc.resultset - 1. ResultSet.getType() returned 1003
09:12:36 [Test worker] INFO  jdbc.resultset - 1. ResultSet.isClosed() returned false
09:12:36 [Test worker] INFO  jdbc.resultset - 1. ResultSet.next() returned true
09:12:36 [Test worker] INFO  jdbc.resultset - 1. ResultSet.getInt(count(*)) returned 1
09:12:36 [Test worker] INFO  jdbc.resultset - 1. ResultSet.isClosed() returned false
09:12:36 [Test worker] INFO  jdbc.resultsettable - 
|---------|
|count(*) |
|---------|
|1        |
|---------|

09:12:36 [Test worker] INFO  jdbc.resultset - 1. ResultSet.next() returned false
09:12:36 [Test worker] INFO  jdbc.resultset - 1. ResultSet.close() returned void
]]></system-out>
  <system-err><![CDATA[]]></system-err>
</testsuite>
